0 info it worked if it ends with ok
1 verbose cli [ '/usr/local/bin/node', '/usr/local/bin/npm', 'start' ]
2 info using npm@3.10.5
3 info using node@v4.2.3
4 verbose run-script [ 'prestart', 'start', 'poststart' ]
5 info lifecycle angulartest@~prestart: angulartest@
6 silly lifecycle angulartest@~prestart: no script for prestart, continuing
7 info lifecycle angulartest@~start: angulartest@
8 verbose lifecycle angulartest@~start: unsafe-perm in lifecycle true
9 verbose lifecycle angulartest@~start: PATH: /usr/local/lib/node_modules/npm/bin/node-gyp-bin:/Users/KoltEwing/dev/behindthescreen/behindthescreen-angular/node_modules/.bin:/usr/local/bin:/Users/KoltEwing/.rbenv/shims:/Users/KoltEwing/.rbenv/bin:/Library/Frameworks/Python.framework/Versions/2.7/bin:/usr/local/bin:/usr/bin:/bin:/usr/sbin:/sbin:/usr/local/bin:/torch/install/bin:/opt/X11/bin:/Library/TeX/texbin
10 verbose lifecycle angulartest@~start: CWD: /Users/KoltEwing/dev/behindthescreen/behindthescreen-angular
11 silly lifecycle angulartest@~start: Args: [ '-c', 'node app/scripts/app.js' ]
12 silly lifecycle angulartest@~start: Returned: code: 1  signal: null
13 info lifecycle angulartest@~start: Failed to exec start script
14 verbose stack Error: angulartest@ start: `node app/scripts/app.js`
14 verbose stack Exit status 1
14 verbose stack     at EventEmitter.<anonymous> (/usr/local/lib/node_modules/npm/lib/utils/lifecycle.js:242:16)
14 verbose stack     at emitTwo (events.js:87:13)
14 verbose stack     at EventEmitter.emit (events.js:172:7)
14 verbose stack     at ChildProcess.<anonymous> (/usr/local/lib/node_modules/npm/lib/utils/spawn.js:40:14)
14 verbose stack     at emitTwo (events.js:87:13)
14 verbose stack     at ChildProcess.emit (events.js:172:7)
14 verbose stack     at maybeClose (internal/child_process.js:818:16)
14 verbose stack     at Process.ChildProcess._handle.onexit (internal/child_process.js:211:5)
15 verbose pkgid angulartest@
16 verbose cwd /Users/KoltEwing/dev/behindthescreen/behindthescreen-angular
17 error Darwin 15.0.0
18 error argv "/usr/local/bin/node" "/usr/local/bin/npm" "start"
19 error node v4.2.3
20 error npm  v3.10.5
21 error code ELIFECYCLE
22 error angulartest@ start: `node app/scripts/app.js`
22 error Exit status 1
23 error Failed at the angulartest@ start script 'node app/scripts/app.js'.
23 error Make sure you have the latest version of node.js and npm installed.
23 error If you do, this is most likely a problem with the angulartest package,
23 error not with npm itself.
23 error Tell the author that this fails on your system:
23 error     node app/scripts/app.js
23 error You can get information on how to open an issue for this project with:
23 error     npm bugs angulartest
23 error Or if that isn't available, you can get their info via:
23 error     npm owner ls angulartest
23 error There is likely additional logging output above.
24 verbose exit [ 1, true ]
